[debug] [2025-09-17T11:51:26.372Z] ----------------------------------------------------------------------
[debug] [2025-09-17T11:51:26.394Z] Command:       C:\Program Files\nodejs\node.exe C:\Users\Plastmix\AppData\Roaming\npm\node_modules\firebase-tools\lib\bin\firebase.js init hosting:github
[debug] [2025-09-17T11:51:26.394Z] CLI Version:   14.15.1
[debug] [2025-09-17T11:51:26.395Z] Platform:      win32
[debug] [2025-09-17T11:51:26.395Z] Node Version:  v22.18.0
[debug] [2025-09-17T11:51:26.396Z] Time:          Wed Sep 17 2025 08:51:26 GMT-0300 (Horário Padrão de Brasília)
[debug] [2025-09-17T11:51:26.396Z] ----------------------------------------------------------------------
[debug] 
[debug] [2025-09-17T11:51:26.401Z] >>> [apiv2][query] GET https://firebase-public.firebaseio.com/cli.json [none]
[debug] [2025-09-17T11:51:26.537Z] > command requires scopes: ["email","openid","https://www.googleapis.com/auth/cloudplatformprojects.readonly","https://www.googleapis.com/auth/firebase","https://www.googleapis.com/auth/cloud-platform"]
[debug] [2025-09-17T11:51:26.537Z] > authorizing via signed-in user (alexsandrogoncalveslima@gmail.com)
[info] 
     ######## #### ########  ######## ########     ###     ######  ########
     ##        ##  ##     ## ##       ##     ##  ##   ##  ##       ##
     ######    ##  ########  ######   ########  #########  ######  ######
     ##        ##  ##    ##  ##       ##     ## ##     ##       ## ##
     ##       #### ##     ## ######## ########  ##     ##  ######  ########

You're about to initialize a Firebase project in this directory:

  C:\Users\Plastmix\Documents\GitHub\chamados-Ti

[debug] [2025-09-17T11:51:26.930Z] <<< [apiv2][status] GET https://firebase-public.firebaseio.com/cli.json 200
[debug] [2025-09-17T11:51:26.930Z] <<< [apiv2][body] GET https://firebase-public.firebaseio.com/cli.json {"cloudBuildErrorAfter":1594252800000,"cloudBuildWarnAfter":1590019200000,"defaultNode10After":1594252800000,"minVersion":"3.0.5","node8DeploysDisabledAfter":1613390400000,"node8RuntimeDisabledAfter":1615809600000,"node8WarnAfter":1600128000000}
[info] 
=== Project Setup
[info] 
[info] First, let's associate this project directory with a Firebase project.
[info] You can create multiple project aliases by running firebase use --add, 
[info] but for now we'll just set up a default project.
[info] 
[debug] [2025-09-17T11:51:45.306Z] Checked if tokens are valid: false, expires at: 1756733452872
[debug] [2025-09-17T11:51:45.307Z] Checked if tokens are valid: false, expires at: 1756733452872
[debug] [2025-09-17T11:51:45.307Z] > refreshing access token with scopes: []
[debug] [2025-09-17T11:51:45.308Z] >>> [apiv2][query] POST https://www.googleapis.com/oauth2/v3/token [none]
[debug] [2025-09-17T11:51:45.309Z] >>> [apiv2][body] POST https://www.googleapis.com/oauth2/v3/token [omitted]
[debug] [2025-09-17T11:51:45.507Z] <<< [apiv2][status] POST https://www.googleapis.com/oauth2/v3/token 200
[debug] [2025-09-17T11:51:45.507Z] <<< [apiv2][body] POST https://www.googleapis.com/oauth2/v3/token [omitted]
[debug] [2025-09-17T11:51:45.518Z] >>> [apiv2][query] GET https://firebase.googleapis.com/v1beta1/projects pageSize=100
[debug] [2025-09-17T11:51:46.246Z] <<< [apiv2][status] GET https://firebase.googleapis.com/v1beta1/projects 200
[debug] [2025-09-17T11:51:46.246Z] <<< [apiv2][body] GET https://firebase.googleapis.com/v1beta1/projects [omitted]
[debug] [2025-09-17T11:52:26.039Z] ----------------------------------------------------------------------
[debug] [2025-09-17T11:52:26.042Z] Command:       C:\Program Files\nodejs\node.exe C:\Users\Plastmix\AppData\Roaming\npm\node_modules\firebase-tools\lib\bin\firebase.js init hosting:github
[debug] [2025-09-17T11:52:26.043Z] CLI Version:   14.15.1
[debug] [2025-09-17T11:52:26.043Z] Platform:      win32
[debug] [2025-09-17T11:52:26.043Z] Node Version:  v22.18.0
[debug] [2025-09-17T11:52:26.044Z] Time:          Wed Sep 17 2025 08:52:26 GMT-0300 (Horário Padrão de Brasília)
[debug] [2025-09-17T11:52:26.044Z] ----------------------------------------------------------------------
[debug] 
[debug] [2025-09-17T11:52:26.051Z] > command requires scopes: ["email","openid","https://www.googleapis.com/auth/cloudplatformprojects.readonly","https://www.googleapis.com/auth/firebase","https://www.googleapis.com/auth/cloud-platform"]
[debug] [2025-09-17T11:52:26.051Z] > authorizing via signed-in user (alexsandrogoncalveslima@gmail.com)
[info] 
     ######## #### ########  ######## ########     ###     ######  ########
     ##        ##  ##     ## ##       ##     ##  ##   ##  ##       ##
     ######    ##  ########  ######   ########  #########  ######  ######
     ##        ##  ##    ##  ##       ##     ## ##     ##       ## ##
     ##       #### ##     ## ######## ########  ##     ##  ######  ########

You're about to initialize a Firebase project in this directory:

  C:\Users\Plastmix\Documents\GitHub\chamados-Ti

[info] 
=== Project Setup
[info] 
[info] First, let's associate this project directory with a Firebase project.
[info] You can create multiple project aliases by running firebase use --add, 
[info] but for now we'll just set up a default project.
[info] 
[info] i  If you want to create a project in a Google Cloud organization or folder, please use "firebase projects:create" instead, and return to this command when you've created the project. 
[debug] [2025-09-17T11:52:45.964Z] Checked if tokens are valid: true, expires at: 1758113504508
[debug] [2025-09-17T11:52:45.964Z] Checked if tokens are valid: true, expires at: 1758113504508
[debug] [2025-09-17T11:52:45.967Z] >>> [apiv2][query] POST https://firebase.googleapis.com/v1/projects:checkProjectId [none]
[debug] [2025-09-17T11:52:45.967Z] >>> [apiv2][body] POST https://firebase.googleapis.com/v1/projects:checkProjectId {"proposedId":"chamado_ti"}
[debug] [2025-09-17T11:52:46.202Z] <<< [apiv2][status] POST https://firebase.googleapis.com/v1/projects:checkProjectId 400
[debug] [2025-09-17T11:52:46.202Z] <<< [apiv2][body] POST https://firebase.googleapis.com/v1/projects:checkProjectId {"error":{"code":400,"message":"Request contains an invalid argument.","status":"INVALID_ARGUMENT"}}
[debug] [2025-09-17T11:52:46.203Z] Couldn't check if project ID chamado_ti is available. Original error: FirebaseError: Failed to check if project ID is available. See firebase-debug.log for more info.
[debug] [2025-09-17T11:52:51.090Z] Checked if tokens are valid: true, expires at: 1758113504508
[debug] [2025-09-17T11:52:51.091Z] Checked if tokens are valid: true, expires at: 1758113504508
[debug] [2025-09-17T11:52:51.091Z] >>> [apiv2][query] POST https://cloudresourcemanager.googleapis.com/v1/projects [none]
[debug] [2025-09-17T11:52:51.091Z] >>> [apiv2][body] POST https://cloudresourcemanager.googleapis.com/v1/projects {"projectId":"chamado_ti","name":"chamado_ti"}
[debug] [2025-09-17T11:52:52.138Z] <<< [apiv2][status] POST https://cloudresourcemanager.googleapis.com/v1/projects 400
[debug] [2025-09-17T11:52:52.138Z] <<< [apiv2][body] POST https://cloudresourcemanager.googleapis.com/v1/projects {"error":{"code":400,"message":"Request contains an invalid argument.","status":"INVALID_ARGUMENT","details":[{"@type":"type.googleapis.com/google.rpc.BadRequest","fieldViolations":[{"field":"project_id","description":"project_id contains invalid characters"},{"field":"display_name","description":"project display name contains invalid characters"}]},{"@type":"type.googleapis.com/google.rpc.Help","links":[{"url":"https://cloud.google.com/resource-manager/reference/rest/v1/projects"}]}]}}
[debug] [2025-09-17T11:52:52.295Z] FirebaseError: Request to https://cloudresourcemanager.googleapis.com/v1/projects had HTTP Error: 400, Request contains an invalid argument.
    at responseToError (C:\Users\Plastmix\AppData\Roaming\npm\node_modules\firebase-tools\lib\responseToError.js:52:12)
    at RetryOperation._fn (C:\Users\Plastmix\AppData\Roaming\npm\node_modules\firebase-tools\lib\apiv2.js:312:77)
    at process.processTicksAndRejections (node:internal/process/task_queues:105:5)
[error] 
[error] Error: Failed to create project. See firebase-debug.log for more info.
